<?xml version="1.0" encoding="UTF-8"?>
<Site BuildName="Linux-g++"
	BuildStamp="20240105-1048-Experimental"
	Name="rqh-cp"
	Generator="ctest-3.10.2"
	CompilerName="/usr/bin/g++"
	CompilerVersion="7.5.0"
	OSName="Linux"
	Hostname="rqh-cp"
	OSRelease="5.4.0-150-generic"
	OSVersion="#167~18.04.1-Ubuntu SMP Wed May 24 00:51:42 UTC 2023"
	OSPlatform="x86_64"
	Is64Bits="1"
	VendorString="GenuineIntel"
	VendorID="Intel Corporation"
	FamilyID="6"
	ModelID="158"
	ProcessorCacheSize="12288"
	NumberOfLogicalCPU="8"
	NumberOfPhysicalCPU="8"
	TotalVirtualMemory="15624"
	TotalPhysicalMemory="15889"
	LogicalProcessorsPerPhysical="1"
	ProcessorClockFrequency="4468.87"
	>
	<Testing>
		<StartDateTime>Jan 05 21:25 CST</StartDateTime>
		<StartTestTime>1704461158</StartTestTime>
		<TestList/>
		<EndDateTime>Jan 05 21:25 CST</EndDateTime>
		<EndTestTime>1704461158</EndTestTime>
		<ElapsedMinutes>0</ElapsedMinutes>
	</Testing>
</Site>
